fetched 100 alubms
   [1/100] album 7EMnnvi7tiuruBRbW9Zr92 → 1 tracks
   [2/100] album 7tOkQxseZlORjYoyUkE0MZ → 1 tracks
   [3/100] album 5YDrgVxfvOkmp1OYjXB29z → 2 tracks
   [4/100] album 6xobEgpXTdqi5vU4lqLi4J → 1 tracks
   [5/100] album 2fPFTelUOr9Nw72DW55aHU → 1 tracks
   [6/100] album 65zERkLZ5jhy7Emo8oEMWz → 16 tracks
   [7/100] album 6mHNMtHrXIdUWWuZD9njsG → 13 tracks
   [8/100] album 1ShrAiTDbq2soLmIpmIvd8 → 11 tracks
   [9/100] album 0pG2PLMMgxqjNDVnjITHrz → 4 tracks
   [10/100] album 1tEu6qNPURb0YfjaRDK23w → 8 tracks
   [11/100] album 7msRig3mOdFp1MeUZPngiY → 1 tracks
   [12/100] album 0LpnKDM6JGLcZP4haLZpwI → 1 tracks
   [13/100] album 10i6evsxSFs2fuPQRWvI6I → 10 tracks
   [14/100] album 6L5PWde8zjpIa2C6SIjNv8 → 1 tracks
   [15/100] album 3VA9PnquCzG4E2GHgBzFQE → 14 tracks
   [16/100] album 7wYyR1xrLO0uWxBlanysNT → 16 tracks
   [17/100] album 34XrK5yFLziX15BSjDDiyO → 1 tracks
   [18/100] album 6LVS3ciZv4mt2m1dA5FWnx → 1 tracks
   [19/100] album 5FTM4NCtG5AT3PFsNXbVTr → 1 tracks
   [20/100] album 3PI3er7mHLniPndwdo0mlA → 7 tracks
   [21/100] album 0yx4JsRKHVe7JLgKIyebOp → 1 tracks
   [22/100] album 6udjCLHRuFO5Yjxy2pBlky → 11 tracks
   [23/100] album 1n9VJFm671VITcO2VnttNh → 2 tracks
   [24/100] album 07tlJPRw1kXHayjJ0rgatM → 1 tracks
   [25/100] album 1AWqGYJ1b3KAYwpck8C3Wm → 1 tracks
   [26/100] album 3eh5lPgtVovNYkSdGlRi5I → 1 tracks
   [27/100] album 1RS0vAX4YynNRKyxl7DoAw → 1 tracks
   [28/100] album 7LWwnuLW7GNZ8qdw4yPKzN → 1 tracks
   [29/100] album 6bodARPsfzNApsTUOzKDmh → 2 tracks
   [30/100] album 3xNEWVkFaNdnAPmC0M5J0c → 1 tracks
   [31/100] album 4OJ6X8eazX6FSN3ShfoJUD → 1 tracks
   [32/100] album 2B8A82Xt4J6AXZRXfFOQGh → 1 tracks
   [33/100] album 4nDcMc3usFZB4gTBQR7mE1 → 1 tracks
   [34/100] album 1DoM6rYl4oyNaW7sLr8FTP → 1 tracks
   [35/100] album 5rSSwWHFO7BDclf2ktbsML → 6 tracks
   [36/100] album 10qvBn2MB8C4qGdj2aSymU → 1 tracks
   [37/100] album 1FbCsMN3QbJzyChn0JpPf7 → 1 tracks
   [38/100] album 7mUp7FJyc0IS2eqfhsYvVz → 1 tracks
   [39/100] album 19JTuhercisDkcrejs4eFu → 1 tracks
   [40/100] album 3zCjzqYdYy9gjZRZ6JiLQQ → 1 tracks
   [41/100] album 51QJlvJclfVB6jNNXlDatS → 1 tracks
   [42/100] album 2tpXdOI6g9KNdQIXFWB1kW → 1 tracks
   [43/100] album 5p1147cCqxrWBDZAtaDR54 → 6 tracks
   [44/100] album 51UyD6TwRxLU6kVJJmzDPw → 1 tracks
   [45/100] album 0KvWbswDD0ksvFayBl6gUz → 4 tracks
   [46/100] album 6L3OPsn0P4F6PNUDFGxDVV → 1 tracks
   [47/100] album 1DCiXnF1Z9XX4zxYCFytSX → 1 tracks
   [48/100] album 27LVMe5wMsHddairHoCux2 → 1 tracks
   [49/100] album 0Tqz0PyiUMHr2HIwvXmyKP → 1 tracks
   [50/100] album 2jK2rbbnrzsId5WWSc67HP → 7 tracks
   [51/100] album 2eScJnMQTMY0WYPz2MXWsp → 2 tracks
   [52/100] album 1pXm1JY9f142BiqV3bNRjd → 1 tracks
   [53/100] album 4eCOedqcXqpKnu3wsRRVdf → 1 tracks
   [54/100] album 4LQysmF0IAoFTPSscF0TIH → 1 tracks
   [55/100] album 2clG6lWFZZFyIl3prBhXEV → 1 tracks
   [56/100] album 31yx6tPI7RvMRN0yvDqf4r → 3 tracks
   [57/100] album 6dIwYCSul7keEQ6pd1q83Y → 5 tracks
   [58/100] album 0My4HXeLw9xcBwCLx2N5uw → 1 tracks
   [59/100] album 5OPbWgMmKfLsir6Er33VIm → 1 tracks
   [60/100] album 26dgMMTWbItI0LfqWDzrZi → 1 tracks
   [61/100] album 1qNBQh6STwsh2iP8bFecSg → 1 tracks
   [62/100] album 0OTRd577BEHU8WNfrJ24aB → 13 tracks
   [63/100] album 6PdPOv5ybKZ9ZuGMk5iGZd → 8 tracks
   [64/100] album 11vYgQBDU9DJnRlBJ6RuO5 → 1 tracks
   [65/100] album 7zeA4kJCW5R6Qef90r2zQM → 1 tracks
   [66/100] album 5j0uoFLuAcXYz2jTWPovHX → 1 tracks
   [67/100] album 2AhoXwTvHcGjBwNMDOwEZp → 1 tracks
   [68/100] album 4UWdCcyQ9m7p7kaKFMIq2Q → 2 tracks
   [69/100] album 5qBY1K1C7QoXWlmZ2yvV5L → 5 tracks
   [70/100] album 2lgR24Cpe5uu97frAYCAYe → 1 tracks
   [71/100] album 3l0neQyP1UjjSFoyCtxS75 → 1 tracks
   [72/100] album 7ujJhfGKy2qKe2OBQqw173 → 1 tracks
   [73/100] album 06griqizTDBczBxvgB91el → 1 tracks
   [74/100] album 6i0fypW09DBEBiMxqXXu8K → 1 tracks
   [75/100] album 0wJXk6rpJXYEyVVRP6vsZw → 1 tracks
Traceback (most recent call last):
  File "/Users/gauthamvecham/Documents/Airflow_Project/src/main.py", line 76, in <module>
    main()
    ~~~~^^
  File "/Users/gauthamvecham/Documents/Airflow_Project/src/main.py", line 42, in main
    tracks = get_paginated_album_tracks(base_url=URL_ALBUMS,access_token=access_token,album_id=album_id,limit=50)
  File "/Users/gauthamvecham/Documents/Airflow_Project/src/endpoint.py", line 46, in get_paginated_album_tracks
    response.raise_for_status()
    ~~~~~~~~~~~~~~~~~~~~~~~~~^^
  File "/Users/gauthamvecham/Documents/Airflow_Project/venv/lib/python3.13/site-packages/requests/models.py", line 1024, in raise_for_status
    raise HTTPError(http_error_msg, response=self)
requests.exceptions.HTTPError: 502 Server Error: Bad Gateway for url: https://api.spotify.com/v1/albums/2JTcQYxkWCph2DFYHljgnS/tracks?limit=50
fetched 100 alubms
   [1/100] album 7EMnnvi7tiuruBRbW9Zr92 → 1 tracks
   [2/100] album 7tOkQxseZlORjYoyUkE0MZ → 1 tracks
   [3/100] album 5YDrgVxfvOkmp1OYjXB29z → 2 tracks
   [4/100] album 6xobEgpXTdqi5vU4lqLi4J → 1 tracks
   [5/100] album 2fPFTelUOr9Nw72DW55aHU → 1 tracks
   [6/100] album 65zERkLZ5jhy7Emo8oEMWz → 16 tracks
   [7/100] album 6mHNMtHrXIdUWWuZD9njsG → 13 tracks
   [8/100] album 1ShrAiTDbq2soLmIpmIvd8 → 11 tracks
   [9/100] album 0pG2PLMMgxqjNDVnjITHrz → 4 tracks
   [10/100] album 1tEu6qNPURb0YfjaRDK23w → 8 tracks
   [11/100] album 7msRig3mOdFp1MeUZPngiY → 1 tracks
   [12/100] album 0LpnKDM6JGLcZP4haLZpwI → 1 tracks
   [13/100] album 10i6evsxSFs2fuPQRWvI6I → 10 tracks
   [14/100] album 6L5PWde8zjpIa2C6SIjNv8 → 1 tracks
   [15/100] album 3VA9PnquCzG4E2GHgBzFQE → 14 tracks
   [16/100] album 7wYyR1xrLO0uWxBlanysNT → 16 tracks
   [17/100] album 34XrK5yFLziX15BSjDDiyO → 1 tracks
   [18/100] album 6LVS3ciZv4mt2m1dA5FWnx → 1 tracks
   [19/100] album 5FTM4NCtG5AT3PFsNXbVTr → 1 tracks
   [20/100] album 3PI3er7mHLniPndwdo0mlA → 7 tracks
   [21/100] album 0yx4JsRKHVe7JLgKIyebOp → 1 tracks
   [22/100] album 6udjCLHRuFO5Yjxy2pBlky → 11 tracks
   [23/100] album 1n9VJFm671VITcO2VnttNh → 2 tracks
   [24/100] album 07tlJPRw1kXHayjJ0rgatM → 1 tracks
   [25/100] album 1AWqGYJ1b3KAYwpck8C3Wm → 1 tracks
   [26/100] album 3eh5lPgtVovNYkSdGlRi5I → 1 tracks
   [27/100] album 1RS0vAX4YynNRKyxl7DoAw → 1 tracks
   [28/100] album 7LWwnuLW7GNZ8qdw4yPKzN → 1 tracks
   [29/100] album 6bodARPsfzNApsTUOzKDmh → 2 tracks
   [30/100] album 3xNEWVkFaNdnAPmC0M5J0c → 1 tracks
   [31/100] album 4OJ6X8eazX6FSN3ShfoJUD → 1 tracks
   [32/100] album 2B8A82Xt4J6AXZRXfFOQGh → 1 tracks
   [33/100] album 4nDcMc3usFZB4gTBQR7mE1 → 1 tracks
   [34/100] album 1DoM6rYl4oyNaW7sLr8FTP → 1 tracks
   [35/100] album 5rSSwWHFO7BDclf2ktbsML → 6 tracks
   [36/100] album 10qvBn2MB8C4qGdj2aSymU → 1 tracks
   [37/100] album 1FbCsMN3QbJzyChn0JpPf7 → 1 tracks
   [38/100] album 7mUp7FJyc0IS2eqfhsYvVz → 1 tracks
   [39/100] album 19JTuhercisDkcrejs4eFu → 1 tracks
   [40/100] album 3zCjzqYdYy9gjZRZ6JiLQQ → 1 tracks
   [41/100] album 51QJlvJclfVB6jNNXlDatS → 1 tracks
   [42/100] album 2tpXdOI6g9KNdQIXFWB1kW → 1 tracks
   [43/100] album 5p1147cCqxrWBDZAtaDR54 → 6 tracks
   [44/100] album 51UyD6TwRxLU6kVJJmzDPw → 1 tracks
   [45/100] album 0KvWbswDD0ksvFayBl6gUz → 4 tracks
   [46/100] album 6L3OPsn0P4F6PNUDFGxDVV → 1 tracks
   [47/100] album 1DCiXnF1Z9XX4zxYCFytSX → 1 tracks
   [48/100] album 27LVMe5wMsHddairHoCux2 → 1 tracks
   [49/100] album 0Tqz0PyiUMHr2HIwvXmyKP → 1 tracks
   [50/100] album 2jK2rbbnrzsId5WWSc67HP → 7 tracks
   [51/100] album 2eScJnMQTMY0WYPz2MXWsp → 2 tracks
   [52/100] album 1pXm1JY9f142BiqV3bNRjd → 1 tracks
   [53/100] album 4eCOedqcXqpKnu3wsRRVdf → 1 tracks
   [54/100] album 4LQysmF0IAoFTPSscF0TIH → 1 tracks
   [55/100] album 2clG6lWFZZFyIl3prBhXEV → 1 tracks
   [56/100] album 31yx6tPI7RvMRN0yvDqf4r → 3 tracks
   [57/100] album 6dIwYCSul7keEQ6pd1q83Y → 5 tracks
   [58/100] album 0My4HXeLw9xcBwCLx2N5uw → 1 tracks
   [59/100] album 5OPbWgMmKfLsir6Er33VIm → 1 tracks
   [60/100] album 26dgMMTWbItI0LfqWDzrZi → 1 tracks
   [61/100] album 1qNBQh6STwsh2iP8bFecSg → 1 tracks
   [62/100] album 0OTRd577BEHU8WNfrJ24aB → 13 tracks
   [63/100] album 6PdPOv5ybKZ9ZuGMk5iGZd → 8 tracks
   [64/100] album 11vYgQBDU9DJnRlBJ6RuO5 → 1 tracks
   [65/100] album 7zeA4kJCW5R6Qef90r2zQM → 1 tracks
   [66/100] album 5j0uoFLuAcXYz2jTWPovHX → 1 tracks
   [67/100] album 2AhoXwTvHcGjBwNMDOwEZp → 1 tracks
   [68/100] album 4UWdCcyQ9m7p7kaKFMIq2Q → 2 tracks
   [69/100] album 5qBY1K1C7QoXWlmZ2yvV5L → 5 tracks
   [70/100] album 2lgR24Cpe5uu97frAYCAYe → 1 tracks
   [71/100] album 3l0neQyP1UjjSFoyCtxS75 → 1 tracks
   [72/100] album 7ujJhfGKy2qKe2OBQqw173 → 1 tracks
   [73/100] album 06griqizTDBczBxvgB91el → 1 tracks
   [74/100] album 6i0fypW09DBEBiMxqXXu8K → 1 tracks
   [75/100] album 0wJXk6rpJXYEyVVRP6vsZw → 1 tracks
   [76/100] album 2JTcQYxkWCph2DFYHljgnS → 1 tracks
   [77/100] album 451oFZKSO5YhQGlGLkV00g → 1 tracks
   [78/100] album 7zvmmYySo3FPuwEiKv7xSF → 12 tracks
   [79/100] album 1Vkdf3mTQV4RakJBz0HbgT → 1 tracks
   [80/100] album 4hn7BSt8k7zIyyaNkkUXlJ → 1 tracks
   [81/100] album 2IP7pUCOazIHCAbK9eJNcu → 1 tracks
   [82/100] album 23Dast9Z49J73VBjh3JulP → 1 tracks
   [83/100] album 0nUDc18ivjvaNEGh7iJKck → 1 tracks
   [84/100] album 5k7KeArB1J9JPCRC12Xz7j → 1 tracks
   [85/100] album 3F110IZGGwsNWMWji2xvTZ → 4 tracks
   [86/100] album 1E5P0NaUcnXWBX4MxqYgk2 → 1 tracks
   [87/100] album 1jl3wLVKVzmtjwfDNyMoXI → 1 tracks
   [88/100] album 3WLJmMZUeDOuERFAk1Mxs6 → 7 tracks
   [89/100] album 50ZzqYelh9g0PEb4vT3sNb → 1 tracks
   [90/100] album 5Rk2slHSxlZESDz7sAnR7p → 1 tracks
   [91/100] album 0pDW3OWNybeh1PRRWb1yXq → 1 tracks
   [92/100] album 0zRUzTXH7GtGLxt6uVdARD → 8 tracks
   [93/100] album 7qRoSVSyHeA9qtOXUpBwRI → 1 tracks
   [94/100] album 1kePAOBgujzOYJrE0GtpFk → 7 tracks
   [95/100] album 0NQQk6vo9LOOwKjZc2iUwm → 5 tracks
   [96/100] album 7fLFLF9waiye1D3WYZ0noT → 2 tracks
   [97/100] album 1HwnXJfZx8N8qDfzwUbxcw → 10 tracks
   [98/100] album 42SJRbZgv7qyZsa2uhxa83 → 1 tracks
   [99/100] album 1nDGEzBI75Dan159KrtNAj → 1 tracks
   [100/100] album 08HCdXZVN72S2vpIT9DKhU → 10 tracks
Fetched 309 tracks in total.
 Fetched full metadata for 309 tracks (with popularity )
fetched metadata for 265 artists.
fetched 100 alubms
   [1/100] album 7EMnnvi7tiuruBRbW9Zr92 → 1 tracks
   [2/100] album 7tOkQxseZlORjYoyUkE0MZ → 1 tracks
   [3/100] album 5YDrgVxfvOkmp1OYjXB29z → 2 tracks
   [4/100] album 6xobEgpXTdqi5vU4lqLi4J → 1 tracks
   [5/100] album 2fPFTelUOr9Nw72DW55aHU → 1 tracks
   [6/100] album 65zERkLZ5jhy7Emo8oEMWz → 16 tracks
   [7/100] album 6mHNMtHrXIdUWWuZD9njsG → 13 tracks
   [8/100] album 1ShrAiTDbq2soLmIpmIvd8 → 11 tracks
   [9/100] album 0pG2PLMMgxqjNDVnjITHrz → 4 tracks
   [10/100] album 1tEu6qNPURb0YfjaRDK23w → 8 tracks
   [11/100] album 7msRig3mOdFp1MeUZPngiY → 1 tracks
   [12/100] album 0LpnKDM6JGLcZP4haLZpwI → 1 tracks
   [13/100] album 10i6evsxSFs2fuPQRWvI6I → 10 tracks
   [14/100] album 6L5PWde8zjpIa2C6SIjNv8 → 1 tracks
   [15/100] album 3VA9PnquCzG4E2GHgBzFQE → 14 tracks
   [16/100] album 7wYyR1xrLO0uWxBlanysNT → 16 tracks
   [17/100] album 34XrK5yFLziX15BSjDDiyO → 1 tracks
   [18/100] album 6LVS3ciZv4mt2m1dA5FWnx → 1 tracks
   [19/100] album 5FTM4NCtG5AT3PFsNXbVTr → 1 tracks
   [20/100] album 3PI3er7mHLniPndwdo0mlA → 7 tracks
   [21/100] album 0yx4JsRKHVe7JLgKIyebOp → 1 tracks
   [22/100] album 6udjCLHRuFO5Yjxy2pBlky → 11 tracks
   [23/100] album 1n9VJFm671VITcO2VnttNh → 2 tracks
   [24/100] album 07tlJPRw1kXHayjJ0rgatM → 1 tracks
   [25/100] album 1AWqGYJ1b3KAYwpck8C3Wm → 1 tracks
   [26/100] album 3eh5lPgtVovNYkSdGlRi5I → 1 tracks
   [27/100] album 1RS0vAX4YynNRKyxl7DoAw → 1 tracks
   [28/100] album 7LWwnuLW7GNZ8qdw4yPKzN → 1 tracks
   [29/100] album 6bodARPsfzNApsTUOzKDmh → 2 tracks
   [30/100] album 3xNEWVkFaNdnAPmC0M5J0c → 1 tracks
   [31/100] album 4OJ6X8eazX6FSN3ShfoJUD → 1 tracks
   [32/100] album 2B8A82Xt4J6AXZRXfFOQGh → 1 tracks
   [33/100] album 4nDcMc3usFZB4gTBQR7mE1 → 1 tracks
   [34/100] album 1DoM6rYl4oyNaW7sLr8FTP → 1 tracks
   [35/100] album 5rSSwWHFO7BDclf2ktbsML → 6 tracks
   [36/100] album 10qvBn2MB8C4qGdj2aSymU → 1 tracks
   [37/100] album 1FbCsMN3QbJzyChn0JpPf7 → 1 tracks
   [38/100] album 7mUp7FJyc0IS2eqfhsYvVz → 1 tracks
   [39/100] album 19JTuhercisDkcrejs4eFu → 1 tracks
   [40/100] album 3zCjzqYdYy9gjZRZ6JiLQQ → 1 tracks
   [41/100] album 51QJlvJclfVB6jNNXlDatS → 1 tracks
   [42/100] album 2tpXdOI6g9KNdQIXFWB1kW → 1 tracks
   [43/100] album 5p1147cCqxrWBDZAtaDR54 → 6 tracks
   [44/100] album 51UyD6TwRxLU6kVJJmzDPw → 1 tracks
   [45/100] album 0KvWbswDD0ksvFayBl6gUz → 4 tracks
   [46/100] album 6L3OPsn0P4F6PNUDFGxDVV → 1 tracks
   [47/100] album 1DCiXnF1Z9XX4zxYCFytSX → 1 tracks
   [48/100] album 27LVMe5wMsHddairHoCux2 → 1 tracks
   [49/100] album 0Tqz0PyiUMHr2HIwvXmyKP → 1 tracks
   [50/100] album 2jK2rbbnrzsId5WWSc67HP → 7 tracks
   [51/100] album 2eScJnMQTMY0WYPz2MXWsp → 2 tracks
   [52/100] album 1pXm1JY9f142BiqV3bNRjd → 1 tracks
   [53/100] album 4eCOedqcXqpKnu3wsRRVdf → 1 tracks
   [54/100] album 4LQysmF0IAoFTPSscF0TIH → 1 tracks
   [55/100] album 2clG6lWFZZFyIl3prBhXEV → 1 tracks
   [56/100] album 31yx6tPI7RvMRN0yvDqf4r → 3 tracks
   [57/100] album 6dIwYCSul7keEQ6pd1q83Y → 5 tracks
   [58/100] album 0My4HXeLw9xcBwCLx2N5uw → 1 tracks
   [59/100] album 5OPbWgMmKfLsir6Er33VIm → 1 tracks
   [60/100] album 26dgMMTWbItI0LfqWDzrZi → 1 tracks
   [61/100] album 1qNBQh6STwsh2iP8bFecSg → 1 tracks
   [62/100] album 0OTRd577BEHU8WNfrJ24aB → 13 tracks
   [63/100] album 6PdPOv5ybKZ9ZuGMk5iGZd → 8 tracks
   [64/100] album 11vYgQBDU9DJnRlBJ6RuO5 → 1 tracks
   [65/100] album 7zeA4kJCW5R6Qef90r2zQM → 1 tracks
   [66/100] album 5j0uoFLuAcXYz2jTWPovHX → 1 tracks
   [67/100] album 2AhoXwTvHcGjBwNMDOwEZp → 1 tracks
   [68/100] album 4UWdCcyQ9m7p7kaKFMIq2Q → 2 tracks
   [69/100] album 5qBY1K1C7QoXWlmZ2yvV5L → 5 tracks
   [70/100] album 2lgR24Cpe5uu97frAYCAYe → 1 tracks
   [71/100] album 3l0neQyP1UjjSFoyCtxS75 → 1 tracks
   [72/100] album 7ujJhfGKy2qKe2OBQqw173 → 1 tracks
   [73/100] album 06griqizTDBczBxvgB91el → 1 tracks
   [74/100] album 6i0fypW09DBEBiMxqXXu8K → 1 tracks
   [75/100] album 0wJXk6rpJXYEyVVRP6vsZw → 1 tracks
   [76/100] album 2JTcQYxkWCph2DFYHljgnS → 1 tracks
   [77/100] album 451oFZKSO5YhQGlGLkV00g → 1 tracks
   [78/100] album 7zvmmYySo3FPuwEiKv7xSF → 12 tracks
   [79/100] album 1Vkdf3mTQV4RakJBz0HbgT → 1 tracks
   [80/100] album 4hn7BSt8k7zIyyaNkkUXlJ → 1 tracks
   [81/100] album 2IP7pUCOazIHCAbK9eJNcu → 1 tracks
   [82/100] album 23Dast9Z49J73VBjh3JulP → 1 tracks
   [83/100] album 0nUDc18ivjvaNEGh7iJKck → 1 tracks
   [84/100] album 5k7KeArB1J9JPCRC12Xz7j → 1 tracks
   [85/100] album 3F110IZGGwsNWMWji2xvTZ → 4 tracks
   [86/100] album 1E5P0NaUcnXWBX4MxqYgk2 → 1 tracks
   [87/100] album 1jl3wLVKVzmtjwfDNyMoXI → 1 tracks
   [88/100] album 3WLJmMZUeDOuERFAk1Mxs6 → 7 tracks
   [89/100] album 50ZzqYelh9g0PEb4vT3sNb → 1 tracks
   [90/100] album 5Rk2slHSxlZESDz7sAnR7p → 1 tracks
   [91/100] album 0pDW3OWNybeh1PRRWb1yXq → 1 tracks
   [92/100] album 0zRUzTXH7GtGLxt6uVdARD → 8 tracks
   [93/100] album 7qRoSVSyHeA9qtOXUpBwRI → 1 tracks
   [94/100] album 1kePAOBgujzOYJrE0GtpFk → 7 tracks
   [95/100] album 0NQQk6vo9LOOwKjZc2iUwm → 5 tracks
   [96/100] album 7fLFLF9waiye1D3WYZ0noT → 2 tracks
   [97/100] album 1HwnXJfZx8N8qDfzwUbxcw → 10 tracks
   [98/100] album 42SJRbZgv7qyZsa2uhxa83 → 1 tracks
   [99/100] album 1nDGEzBI75Dan159KrtNAj → 1 tracks
   [100/100] album 08HCdXZVN72S2vpIT9DKhU → 10 tracks
Fetched 309 tracks in total.
 Fetched full metadata for 309 tracks (with popularity )
fetched metadata for 265 artists.
fetched 100 alubms
   [1/100] album 7EMnnvi7tiuruBRbW9Zr92 → 1 tracks
   [2/100] album 7tOkQxseZlORjYoyUkE0MZ → 1 tracks
   [3/100] album 5YDrgVxfvOkmp1OYjXB29z → 2 tracks
   [4/100] album 6xobEgpXTdqi5vU4lqLi4J → 1 tracks
   [5/100] album 2fPFTelUOr9Nw72DW55aHU → 1 tracks
   [6/100] album 65zERkLZ5jhy7Emo8oEMWz → 16 tracks
   [7/100] album 6mHNMtHrXIdUWWuZD9njsG → 13 tracks
   [8/100] album 1ShrAiTDbq2soLmIpmIvd8 → 11 tracks
   [9/100] album 0pG2PLMMgxqjNDVnjITHrz → 4 tracks
   [10/100] album 1tEu6qNPURb0YfjaRDK23w → 8 tracks
   [11/100] album 7msRig3mOdFp1MeUZPngiY → 1 tracks
   [12/100] album 0LpnKDM6JGLcZP4haLZpwI → 1 tracks
   [13/100] album 10i6evsxSFs2fuPQRWvI6I → 10 tracks
   [14/100] album 6L5PWde8zjpIa2C6SIjNv8 → 1 tracks
   [15/100] album 3VA9PnquCzG4E2GHgBzFQE → 14 tracks
   [16/100] album 7wYyR1xrLO0uWxBlanysNT → 16 tracks
   [17/100] album 34XrK5yFLziX15BSjDDiyO → 1 tracks
   [18/100] album 6LVS3ciZv4mt2m1dA5FWnx → 1 tracks
   [19/100] album 5FTM4NCtG5AT3PFsNXbVTr → 1 tracks
   [20/100] album 3PI3er7mHLniPndwdo0mlA → 7 tracks
   [21/100] album 0yx4JsRKHVe7JLgKIyebOp → 1 tracks
   [22/100] album 6udjCLHRuFO5Yjxy2pBlky → 11 tracks
   [23/100] album 1n9VJFm671VITcO2VnttNh → 2 tracks
   [24/100] album 07tlJPRw1kXHayjJ0rgatM → 1 tracks
   [25/100] album 1AWqGYJ1b3KAYwpck8C3Wm → 1 tracks
   [26/100] album 3eh5lPgtVovNYkSdGlRi5I → 1 tracks
   [27/100] album 7LWwnuLW7GNZ8qdw4yPKzN → 1 tracks
   [28/100] album 1RS0vAX4YynNRKyxl7DoAw → 1 tracks
   [29/100] album 6bodARPsfzNApsTUOzKDmh → 2 tracks
   [30/100] album 3xNEWVkFaNdnAPmC0M5J0c → 1 tracks
   [31/100] album 4OJ6X8eazX6FSN3ShfoJUD → 1 tracks
   [32/100] album 2B8A82Xt4J6AXZRXfFOQGh → 1 tracks
   [33/100] album 4nDcMc3usFZB4gTBQR7mE1 → 1 tracks
   [34/100] album 1DoM6rYl4oyNaW7sLr8FTP → 1 tracks
   [35/100] album 5rSSwWHFO7BDclf2ktbsML → 6 tracks
   [36/100] album 10qvBn2MB8C4qGdj2aSymU → 1 tracks
   [37/100] album 1FbCsMN3QbJzyChn0JpPf7 → 1 tracks
   [38/100] album 7mUp7FJyc0IS2eqfhsYvVz → 1 tracks
   [39/100] album 19JTuhercisDkcrejs4eFu → 1 tracks
   [40/100] album 3zCjzqYdYy9gjZRZ6JiLQQ → 1 tracks
   [41/100] album 51QJlvJclfVB6jNNXlDatS → 1 tracks
   [42/100] album 2tpXdOI6g9KNdQIXFWB1kW → 1 tracks
   [43/100] album 5p1147cCqxrWBDZAtaDR54 → 6 tracks
   [44/100] album 51UyD6TwRxLU6kVJJmzDPw → 1 tracks
   [45/100] album 0KvWbswDD0ksvFayBl6gUz → 4 tracks
   [46/100] album 6L3OPsn0P4F6PNUDFGxDVV → 1 tracks
   [47/100] album 1DCiXnF1Z9XX4zxYCFytSX → 1 tracks
   [48/100] album 27LVMe5wMsHddairHoCux2 → 1 tracks
   [49/100] album 0Tqz0PyiUMHr2HIwvXmyKP → 1 tracks
   [50/100] album 2jK2rbbnrzsId5WWSc67HP → 7 tracks
   [51/100] album 2eScJnMQTMY0WYPz2MXWsp → 2 tracks
   [52/100] album 1pXm1JY9f142BiqV3bNRjd → 1 tracks
   [53/100] album 4eCOedqcXqpKnu3wsRRVdf → 1 tracks
   [54/100] album 4LQysmF0IAoFTPSscF0TIH → 1 tracks
   [55/100] album 2clG6lWFZZFyIl3prBhXEV → 1 tracks
   [56/100] album 31yx6tPI7RvMRN0yvDqf4r → 3 tracks
   [57/100] album 6dIwYCSul7keEQ6pd1q83Y → 5 tracks
   [58/100] album 0My4HXeLw9xcBwCLx2N5uw → 1 tracks
   [59/100] album 5OPbWgMmKfLsir6Er33VIm → 1 tracks
   [60/100] album 1qNBQh6STwsh2iP8bFecSg → 1 tracks
   [61/100] album 26dgMMTWbItI0LfqWDzrZi → 1 tracks
   [62/100] album 0OTRd577BEHU8WNfrJ24aB → 13 tracks
   [63/100] album 6PdPOv5ybKZ9ZuGMk5iGZd → 8 tracks
   [64/100] album 11vYgQBDU9DJnRlBJ6RuO5 → 1 tracks
   [65/100] album 7zeA4kJCW5R6Qef90r2zQM → 1 tracks
   [66/100] album 5j0uoFLuAcXYz2jTWPovHX → 1 tracks
   [67/100] album 2AhoXwTvHcGjBwNMDOwEZp → 1 tracks
   [68/100] album 4UWdCcyQ9m7p7kaKFMIq2Q → 2 tracks
   [69/100] album 5qBY1K1C7QoXWlmZ2yvV5L → 5 tracks
   [70/100] album 2lgR24Cpe5uu97frAYCAYe → 1 tracks
   [71/100] album 3l0neQyP1UjjSFoyCtxS75 → 1 tracks
   [72/100] album 7ujJhfGKy2qKe2OBQqw173 → 1 tracks
   [73/100] album 06griqizTDBczBxvgB91el → 1 tracks
   [74/100] album 6i0fypW09DBEBiMxqXXu8K → 1 tracks
   [75/100] album 0wJXk6rpJXYEyVVRP6vsZw → 1 tracks
   [76/100] album 2JTcQYxkWCph2DFYHljgnS → 1 tracks
   [77/100] album 451oFZKSO5YhQGlGLkV00g → 1 tracks
   [78/100] album 7zvmmYySo3FPuwEiKv7xSF → 12 tracks
   [79/100] album 1Vkdf3mTQV4RakJBz0HbgT → 1 tracks
   [80/100] album 4hn7BSt8k7zIyyaNkkUXlJ → 1 tracks
   [81/100] album 2IP7pUCOazIHCAbK9eJNcu → 1 tracks
   [82/100] album 23Dast9Z49J73VBjh3JulP → 1 tracks
   [83/100] album 0nUDc18ivjvaNEGh7iJKck → 1 tracks
   [84/100] album 5k7KeArB1J9JPCRC12Xz7j → 1 tracks
   [85/100] album 3F110IZGGwsNWMWji2xvTZ → 4 tracks
   [86/100] album 1E5P0NaUcnXWBX4MxqYgk2 → 1 tracks
   [87/100] album 1jl3wLVKVzmtjwfDNyMoXI → 1 tracks
   [88/100] album 3WLJmMZUeDOuERFAk1Mxs6 → 7 tracks
   [89/100] album 50ZzqYelh9g0PEb4vT3sNb → 1 tracks
   [90/100] album 5Rk2slHSxlZESDz7sAnR7p → 1 tracks
   [91/100] album 0pDW3OWNybeh1PRRWb1yXq → 1 tracks
   [92/100] album 0zRUzTXH7GtGLxt6uVdARD → 8 tracks
   [93/100] album 7qRoSVSyHeA9qtOXUpBwRI → 1 tracks
   [94/100] album 1kePAOBgujzOYJrE0GtpFk → 7 tracks
   [95/100] album 0NQQk6vo9LOOwKjZc2iUwm → 5 tracks
   [96/100] album 7fLFLF9waiye1D3WYZ0noT → 2 tracks
   [97/100] album 1HwnXJfZx8N8qDfzwUbxcw → 10 tracks
   [98/100] album 42SJRbZgv7qyZsa2uhxa83 → 1 tracks
   [99/100] album 1nDGEzBI75Dan159KrtNAj → 1 tracks
   [100/100] album 08HCdXZVN72S2vpIT9DKhU → 10 tracks
Fetched 309 tracks in total.
 Fetched full metadata for 309 tracks (with popularity )
fetched metadata for 265 artists.
